<?xml version="1.0" encoding="UTF-8"?>
<!-- Generated by org.testng.reporters.JUnitXMLReporter -->
<testsuite ignored="1" hostname="CDWILT004" failures="0" tests="4" name="Test" time="12.671" errors="0" timestamp="2022-10-11T12:06:54 SGT">
  <testcase classname="xRunnersAuthentication.LoginAndLogout" name="goToSite" time="2.502"/>
  <testcase classname="xRunnersAuthentication.LoginAndLogout" name="login" time="4.472"/>
  <testcase classname="xRunnersGames.SelectGameCategory" name="selectGameCategory" time="1.83"/>
  <testcase classname="xRunnersGames.SelectSlotsGameVendorCQ9" name="selectSlotsGameVendor" time="3.852"/>
  <testcase classname="xRunnersAuthentication.LoginAndLogout" name="logout" time="0.0">
    <ignored/>
  </testcase> <!-- logout -->
</testsuite> <!-- Test -->
