<?xml version="1.0" encoding="UTF-8"?>
<!-- Generated by org.testng.reporters.JUnitXMLReporter -->
<testsuite ignored="1" hostname="CDWILT004" failures="0" tests="4" name="Test" time="12.733" errors="0" timestamp="2022-10-11T11:47:28 SGT">
  <testcase classname="xRunnersAuthentication.LoginAndLogout" name="goToSite" time="2.562"/>
  <testcase classname="xRunnersAuthentication.LoginAndLogout" name="login" time="4.352"/>
  <testcase classname="xRunnersGames.SelectGameCategory" name="selectGameCategory" time="2.157"/>
  <testcase classname="xRunnersGames.SelectSlotsGameVendorCQ9" name="selectSlotsGameVendor" time="3.647"/>
  <testcase classname="xRunnersAuthentication.LoginAndLogout" name="logout" time="0.0">
    <ignored/>
  </testcase> <!-- logout -->
</testsuite> <!-- Test -->
