<?xml version="1.0" encoding="UTF-8"?>
<!-- Generated by org.testng.reporters.JUnitXMLReporter -->
<testsuite ignored="1" hostname="CDWILT004" failures="0" tests="4" name="Test" time="77.931" errors="0" timestamp="2022-10-14T16:33:34 SGT">
  <testcase classname="xRunnersAuthentication.LoginAndLogout" name="goToSite" time="2.752"/>
  <testcase classname="xRunnersAuthentication.LoginAndLogout" name="login" time="5.561"/>
  <testcase classname="xRunnersGames.SelectGameCategory" name="selectGameCategory" time="1.56"/>
  <testcase classname="xRunnersGames.SelectLiveGameVendorBBIN" name="selectLiveGameVendorBBIN" time="68.013"/>
  <testcase classname="xRunnersAuthentication.LoginAndLogout" name="logout" time="0.0">
    <ignored/>
  </testcase> <!-- logout -->
</testsuite> <!-- Test -->
