<?xml version="1.0" encoding="UTF-8"?>
<!-- Generated by org.testng.reporters.JUnitXMLReporter -->
<testsuite ignored="1" hostname="CDWILT004" failures="0" tests="4" name="Test" time="131.849" errors="0" timestamp="2022-10-12T12:52:21 SGT">
  <testcase classname="xRunnersAuthentication.LoginAndLogout" name="goToSite" time="4.023"/>
  <testcase classname="xRunnersAuthentication.LoginAndLogout" name="login" time="4.985"/>
  <testcase classname="xRunnersGames.SelectGameCategory" name="selectGameCategory" time="2.408"/>
  <testcase classname="xRunnersGames.SelectSlotsGameVendorCQ9" name="selectSlotsGameVendor" time="120.353"/>
  <testcase classname="xRunnersAuthentication.LoginAndLogout" name="logout" time="0.0">
    <ignored/>
  </testcase> <!-- logout -->
</testsuite> <!-- Test -->
