<?xml version="1.0" encoding="UTF-8"?>
<!-- Generated by org.testng.reporters.JUnitXMLReporter -->
<testsuite ignored="0" hostname="CDWILT004" failures="0" tests="4" name="Test" time="35.369" errors="0" timestamp="2022-10-11T11:47:13 SGT">
  <testcase classname="xRunnersAuthentication.LoginAndLogout" name="goToSite" time="2.825"/>
  <testcase classname="xRunnersAuthentication.LoginAndLogout" name="login" time="5.196"/>
  <testcase classname="xRunnersAuthentication.LoginAndLogout" name="logout" time="2.533"/>
  <testcase classname="xRunnersAuthentication.Register" name="register" time="24.765"/>
</testsuite> <!-- Test -->
