<?xml version="1.0" encoding="UTF-8"?>
<!-- Generated by org.testng.reporters.JUnitXMLReporter -->
<testsuite ignored="0" hostname="CDWILT004" failures="0" tests="4" name="Test" time="31.477" errors="0" timestamp="2022-10-11T12:06:39 SGT">
  <testcase classname="xRunnersAuthentication.LoginAndLogout" name="goToSite" time="2.847"/>
  <testcase classname="xRunnersAuthentication.LoginAndLogout" name="login" time="4.451"/>
  <testcase classname="xRunnersAuthentication.LoginAndLogout" name="logout" time="3.125"/>
  <testcase classname="xRunnersAuthentication.Register" name="register" time="21.006"/>
</testsuite> <!-- Test -->
