<?xml version="1.0" encoding="UTF-8"?>
<testng-results ignored="2" total="4" passed="2" failed="0" skipped="0">
  <reporter-output>
  </reporter-output>
  <suite started-at="2022-10-07T16:47:21 SGT" name="Suite" finished-at="2022-10-07T16:47:31 SGT" duration-ms="9393">
    <groups>
      <group name="register">
        <method signature="Register.register()[pri:0, instance:xRunners.Register@74f0ea28]" name="register" class="xRunners.Register"/>
      </group> <!-- register -->
    </groups>
    <test started-at="2022-10-07T16:47:21 SGT" name="Test" finished-at="2022-10-07T16:47:31 SGT" duration-ms="9393">
      <class name="xSetups.Setup">
        <test-method is-config="true" signature="setup(java.lang.String,java.lang.String,java.lang.String,java.lang.String,java.lang.String)[pri:0, instance:xSetups.Setup@9597028]" started-at="2022-10-07T16:47:20 SGT" name="setup" finished-at="2022-10-07T16:47:21 SGT" duration-ms="1718" status="PASS">
          <params>
            <param index="0">
              <value>
                <![CDATA[Authentication]]>
              </value>
            </param>
            <param index="1">
              <value>
                <![CDATA[WEB]]>
              </value>
            </param>
            <param index="2">
              <value>
                <![CDATA[chrome]]>
              </value>
            </param>
            <param index="3">
              <value>
                <![CDATA[17 JDK]]>
              </value>
            </param>
            <param index="4">
              <value>
                <![CDATA[Jordan]]>
              </value>
            </param>
          </params>
          <reporter-output>
          </reporter-output>
        </test-method> <!-- setup -->
        <test-method is-config="true" signature="tearDown()[pri:0, instance:xSetups.Setup@9597028]" started-at="2022-10-07T16:47:31 SGT" name="tearDown" finished-at="2022-10-07T16:47:32 SGT" duration-ms="1502" status="PASS">
          <reporter-output>
          </reporter-output>
        </test-method> <!-- tearDown -->
      </class> <!-- xSetups.Setup -->
      <class name="xRunners.LoginAndLogout">
        <test-method signature="goToSite(java.lang.String)[pri:0, instance:xRunners.LoginAndLogout@1283bb96]" started-at="2022-10-07T16:47:22 SGT" name="goToSite" finished-at="2022-10-07T16:47:24 SGT" duration-ms="2757" status="PASS">
          <params>
            <param index="0">
              <value>
                <![CDATA[https://wltestmembersite.the777888.com]]>
              </value>
            </param>
          </params>
          <reporter-output>
          </reporter-output>
        </test-method> <!-- goToSite -->
        <test-method is-config="true" signature="logStatus(org.testng.ITestResult)[pri:0, instance:xRunners.LoginAndLogout@1283bb96]" started-at="2022-10-07T16:47:24 SGT" name="logStatus" finished-at="2022-10-07T16:47:24 SGT" duration-ms="7" status="PASS">
          <params>
            <param index="0">
              <value>
                <![CDATA[[TestResult name=goToSite status=SUCCESS method=LoginAndLogout.goToSite(java.lang.String)[pri:0, instance:xRunners.LoginAndLogout@1283bb96] output={null}]]]>
              </value>
            </param>
          </params>
          <reporter-output>
          </reporter-output>
        </test-method> <!-- logStatus -->
      </class> <!-- xRunners.LoginAndLogout -->
      <class name="xRunners.Register">
        <test-method signature="register()[pri:0, instance:xRunners.Register@74f0ea28]" started-at="2022-10-07T16:47:24 SGT" name="register" finished-at="2022-10-07T16:47:31 SGT" duration-ms="6582" status="PASS">
          <reporter-output>
          </reporter-output>
        </test-method> <!-- register -->
        <test-method is-config="true" signature="logStatus(org.testng.ITestResult)[pri:0, instance:xRunners.Register@74f0ea28]" started-at="2022-10-07T16:47:31 SGT" name="logStatus" finished-at="2022-10-07T16:47:31 SGT" duration-ms="0" status="PASS">
          <params>
            <param index="0">
              <value>
                <![CDATA[[TestResult name=register status=SUCCESS method=Register.register()[pri:0, instance:xRunners.Register@74f0ea28] output={null}]]]>
              </value>
            </param>
          </params>
          <reporter-output>
          </reporter-output>
        </test-method> <!-- logStatus -->
      </class> <!-- xRunners.Register -->
    </test> <!-- Test -->
  </suite> <!-- Suite -->
</testng-results>
