<?xml version="1.0" encoding="UTF-8"?>
<testng-results ignored="1" total="5" passed="4" failed="0" skipped="0">
  <reporter-output>
  </reporter-output>
  <suite started-at="2022-10-14T15:22:03 SGT" name="Suite" finished-at="2022-10-14T15:27:46 SGT" duration-ms="342152">
    <groups>
      <group name="CQ9 Slots">
        <method signature="SelectSlotsGameVendorCQ9.selectSlotsGameVendor(java.lang.String,java.lang.String,java.lang.String,java.lang.String)[pri:0, instance:xRunnersGames.SelectSlotsGameVendorCQ9@6870c3c2]" name="selectSlotsGameVendor" class="xRunnersGames.SelectSlotsGameVendorCQ9"/>
      </group> <!-- CQ9 Slots -->
      <group name="login">
        <method signature="LoginAndLogout.login(java.lang.String,java.lang.String)[pri:1, instance:xRunnersAuthentication.LoginAndLogout@483b0690]" name="login" class="xRunnersAuthentication.LoginAndLogout"/>
      </group> <!-- login -->
    </groups>
    <test started-at="2022-10-14T15:22:03 SGT" name="Test" finished-at="2022-10-14T15:27:46 SGT" duration-ms="342152">
      <class name="xRunnersGames.SelectGameCategory">
        <test-method signature="selectGameCategory(java.lang.String)[pri:0, instance:xRunnersGames.SelectGameCategory@687e6293]" started-at="2022-10-14T15:22:13 SGT" name="selectGameCategory" finished-at="2022-10-14T15:22:15 SGT" duration-ms="2051" status="PASS">
          <params>
            <param index="0">
              <value>
                <![CDATA[3]]>
              </value>
            </param>
          </params>
          <reporter-output>
          </reporter-output>
        </test-method> <!-- selectGameCategory -->
      </class> <!-- xRunnersGames.SelectGameCategory -->
      <class name="xSetups.Setup">
        <test-method is-config="true" signature="setup(java.lang.String,java.lang.String,java.lang.String,java.lang.String,java.lang.String)[pri:0, instance:xSetups.Setup@6215366a]" started-at="2022-10-14T15:22:01 SGT" name="setup" finished-at="2022-10-14T15:22:03 SGT" duration-ms="2554" status="PASS">
          <params>
            <param index="0">
              <value>
                <![CDATA[SlotsCQ9]]>
              </value>
            </param>
            <param index="1">
              <value>
                <![CDATA[WEB]]>
              </value>
            </param>
            <param index="2">
              <value>
                <![CDATA[chrome]]>
              </value>
            </param>
            <param index="3">
              <value>
                <![CDATA[17 JDK]]>
              </value>
            </param>
            <param index="4">
              <value>
                <![CDATA[Jordan]]>
              </value>
            </param>
          </params>
          <reporter-output>
          </reporter-output>
        </test-method> <!-- setup -->
        <test-method is-config="true" signature="tearDown()[pri:0, instance:xSetups.Setup@6215366a]" started-at="2022-10-14T15:27:46 SGT" name="tearDown" finished-at="2022-10-14T15:27:47 SGT" duration-ms="1755" status="PASS">
          <reporter-output>
          </reporter-output>
        </test-method> <!-- tearDown -->
      </class> <!-- xSetups.Setup -->
      <class name="xRunnersGames.SelectSlotsGameVendorCQ9">
        <test-method signature="selectSlotsGameVendor(java.lang.String,java.lang.String,java.lang.String,java.lang.String)[pri:0, instance:xRunnersGames.SelectSlotsGameVendorCQ9@6870c3c2]" started-at="2022-10-14T15:22:15 SGT" name="selectSlotsGameVendor" finished-at="2022-10-14T15:27:46 SGT" duration-ms="330970" status="PASS">
          <params>
            <param index="0">
              <value>
                <![CDATA[5]]>
              </value>
            </param>
            <param index="1">
              <value>
                <![CDATA[盘龙秘宝]]>
              </value>
            </param>
            <param index="2">
              <value>
                <![CDATA[甜蜜蜜]]>
              </value>
            </param>
            <param index="3">
              <value>
                <![CDATA[金大款]]>
              </value>
            </param>
          </params>
          <reporter-output>
          </reporter-output>
        </test-method> <!-- selectSlotsGameVendor -->
      </class> <!-- xRunnersGames.SelectSlotsGameVendorCQ9 -->
      <class name="xRunnersAuthentication.LoginAndLogout">
        <test-method signature="goToSite(java.lang.String)[pri:0, instance:xRunnersAuthentication.LoginAndLogout@483b0690]" started-at="2022-10-14T15:22:04 SGT" name="goToSite" finished-at="2022-10-14T15:22:07 SGT" duration-ms="3088" status="PASS">
          <params>
            <param index="0">
              <value>
                <![CDATA[https://wltestmembersite.the777888.com]]>
              </value>
            </param>
          </params>
          <reporter-output>
          </reporter-output>
        </test-method> <!-- goToSite -->
        <test-method signature="login(java.lang.String,java.lang.String)[pri:1, instance:xRunnersAuthentication.LoginAndLogout@483b0690]" started-at="2022-10-14T15:22:07 SGT" name="login" finished-at="2022-10-14T15:22:13 SGT" duration-ms="5964" status="PASS">
          <params>
            <param index="0">
              <value>
                <![CDATA[qctestergame001]]>
              </value>
            </param>
            <param index="1">
              <value>
                <![CDATA[test123]]>
              </value>
            </param>
          </params>
          <reporter-output>
          </reporter-output>
        </test-method> <!-- login -->
      </class> <!-- xRunnersAuthentication.LoginAndLogout -->
    </test> <!-- Test -->
  </suite> <!-- Suite -->
</testng-results>
